INFO:root:----------------------------------------------------------------------------
INFO:root:Class Name : StudentData
INFO:root:Sai Subhasish
INFO:root:Rout
INFO:root:saisubhasishrout777@gmail.com
INFO:root:9556332113
INFO:root:----------------------------------------------------------------------------
INFO:root:Class Name : CoursesOffered
INFO:root:Full Stack Data Science Bootcamp
INFO:root:Full Stack Data Analytics
INFO:root:Full Stack Development
INFO:root:Full Stack Web Development
INFO:root:AWS Cloud Masters
INFO:root:Data Structure & Algorithms
INFO:root:Digital Marketing Bootcamp
INFO:root:GIT-HUB
INFO:root:Aptitude & Mathematics
INFO:root:Full Stack Blockchain Development
INFO:root:----------------------------------------------------------------------------
INFO:root:Class Name : Products
INFO:root: Product and Services : 
Courses,
Internships, 
            
Job guarantee and assistance,
Resume Building,
Hack-A-Thon, 
Paymentr,
            
UI color picker,
Affiliate Marking 
INFO:root:----------------------------------------------------------------------------
INFO:root:Class Name : Project_Technologies
INFO:root:Big Data
INFO:root:Bisuness Intelligence
INFO:root:Computer Vision
INFO:root:Deep Learning
INFO:root:Deep Reinforcement Learning
INFO:root:Development
INFO:root:Hackathon KIET
INFO:root:NLP
INFO:root:Machine Learning
INFO:root:Projectathon
INFO:root:Virtual Reality
INFO:root:Web Development
INFO:root:----------------------------------------------------------------------------
INFO:root:Class Name : Domain
INFO:root:Aggriculture
INFO:root:Aviation
INFO:root:Banking, Insurance & Finance
INFO:root:Business Analytics
INFO:root:Ecommerce
INFO:root:Education
INFO:root:Energy & Petroleum
INFO:root:Film & Entertainment
INFO:root:Food Industry
INFO:root:Health Care
INFO:root:Human Resource
INFO:root:Retail & Sales
INFO:root:Sports
INFO:root:Technology
INFO:root:Telecom
INFO:root:Transportation & Communication
INFO:root:----------------------------------------------------------------------------
INFO:root:Class Name : FSDSSyllabus
INFO:root:Python
INFO:root:Stats
INFO:root:Machine learning
INFO:root:Deep learning
INFO:root:Computer vision
INFO:root:Natural language processing
INFO:root:Data analytics
INFO:root:Big data
INFO:root:Ml ops
INFO:root:Cloud
INFO:root:Data structure and algorithm
INFO:root:Architecture
INFO:root:Databases
INFO:root:----------------------------------------------------------------------------
INFO:root:Class Name : Instructors
INFO:root:Sudhanshu Kumar
INFO:root:Krish Naik
INFO:root:Sunny Savita
INFO:root:Mukesh Otwani
INFO:root:Navin Reddy
INFO:root:Shivan Kumar
INFO:root:----------------------------------------------------------------------------
INFO:root:Class Name : ClassFeatures
INFO:root:Live class
INFO:root:Pre-uploaded videos
INFO:root:Assignments
INFO:root:Quizzes
INFO:root:----------------------------------------------------------------------------
INFO:root:Class Name : CommunityClasses
INFO:root:Block Chain
INFO:root:Cyber Security
INFO:root:Deep Learning
INFO:root:Digital Marketing
INFO:root:Java
INFO:root:Machine Learning
INFO:root:NLP
INFO:root:SQL
INFO:root:System Design
INFO:root:Web Automation
INFO:root:----------------------------------------------------------------------------
INFO:root:Class Name : AchieversCompanies
INFO:root:Name of Companies : 
Microsoft , 
vmware, 
salesForce, 
Adobe, 
EY,
        
Deloitte, 
KPMG, 
pwc, 
tcs, 
IBM, 
Capgemini, 
accenture", 
JPMorgan Chase & Co.,
        
Walmart, 
amazon, 
factal,  
SWIGGY, 
zomato, 
Infosys, 
wipro, 
Myntra, 
paytm,
        
SAMSUNG, 
OYO, 
TVS 
INFO:root:----------------------------------------------------------------------------
INFO:root:Class Name : StudentDetails
INFO:root:Sai Subhasish
INFO:root:Rout
INFO:root:saisubhasishrout777@gmail.com
INFO:root:9556332113
INFO:root:----------------------------------------------------------------------------
INFO:root:Polymerphism : One object in multiple form is the concept of polymorphism.
INFO:root:Example : Overriding(Constructor, Method), Overloading(Operator)
INFO:root:----------------------------------------------------------------------------
INFO:root:Class Name : ClassAccessibility
INFO:root:A student can access these features after logging in to the website
INFO:root:----------------------------------------------------------------------------
INFO:root:Class Name : ClassMode
INFO:root:All these classes are available in iNeuron OTT platform
INFO:root:----------------------------------------------------------------------------
INFO:root:Class Name : StudentDetailedInfo
INFO:root:Class Name : StudentDetailedInfo
INFO:root:assignmentSubmitted = 2
INFO:root:assignmentScore = 100 %
INFO:root:quizzesScore = 0
INFO:root:isPlaced = False
INFO:root:None
INFO:root:Please provide the mandatory informations of a student to get registered.
INFO:root:None
INFO:root:Please provide the mandatory informations like : Name, Phone Number & Email-Id of a student to get registered.
INFO:root:None
INFO:root:----------------------------------------------------------------------------
INFO:root:Class Name : StudentCertificate
INFO:root:Class Name : StudentInfo
INFO:root:Sai
INFO:root:Subhasish
INFO:root:sai@123
INFO:root:9556332113
WARNING:root:Student is not eligible to generate a certificate as he has not watched at-least 75% of the videos
INFO:root:None
INFO:root:Regulatory : Student must complete 80% of videos to get the certificate
INFO:root:None
INFO:root:Regulatory : As per new regulatory a Student must complete at-least 75% of videos to get the certificate
INFO:root:None
INFO:root:----------------------------------------------------------------------------
INFO:root:Class Name : One_Neuron
INFO:root:Class Name : HackAThon
INFO:root:Class Name : Hall_Of_fame
INFO:root:Class Name : Ineuron
INFO:root:It is the branch of iNeuron where all the instructors come together to contribute some value to our society free of cost
INFO:root:None
INFO:root:A HackAThon is conducted by iNeuron to identify the real talent even the students who are not a part of iNeuron, they also can join itand the most advantage is the companies who are hunting for real talent it makes east to them, so as to students
INFO:root:None
INFO:root:In Hall_Of_fame iNeuron posts about th
INFO:root:None
INFO:root:Root company
INFO:root:None
INFO:root:One Neuron
INFO:root:18
INFO:root:100
INFO:root:One_Neuron One_Neuron One_Neuron One_Neuron One_Neuron 
INFO:root:100
INFO:root:Hack A Thon
INFO:root:Hack_A_Thon Hack_A_Thon Hack_A_Thon 
INFO:root:21
INFO:root:118
INFO:root:iNeuron
INFO:root:iNeuron iNeuron iNeuron iNeuron iNeuron iNeuron iNeuron 
INFO:root:63
INFO:root:----------------------------------------------------------------------------
INFO:root:Class Name : IneuronCourses
INFO:root:Class Name : FullStackDataScience
INFO:root:Class Name : MachineLearning
INFO:root:Here we provide the most demanded course'Data Science'
INFO:root:None
INFO:root:This course majorly covers the topics Python, Statistics, Machine learning, Deep learning, cloud,Big data, Databases
INFO:root:None
INFO:root:Machine Learning is the basic pillar ofData Science
INFO:root:None
INFO:root:Data Science Master Class
INFO:root:Full Stack Data Science
INFO:root:----------------------------------------------------------------------------
INFO:root:Class Name : OH_CEO
INFO:root:Class Name : OH_CoFounder
INFO:root:Class Name : OH_CTO
INFO:root:CEO : Sudhanshu Kumar
INFO:root:None
INFO:root:Co-Founder : Krish Naik
INFO:root:None
INFO:root:CTO : Hitesh Choudhary
INFO:root:None
INFO:root:sudhanshu@ineuron.ai
INFO:root:8671525256
INFO:root:80000000
INFO:root:krish@ineuron.ai
INFO:root:965812453
INFO:root:60000000
INFO:root:hitesh@ineuron.ai
INFO:root:7054689524
INFO:root:40000000
INFO:root:----------------------------------------------------------------------------
INFO:root:Class Name : StudentDataVariables
INFO:root:Sai Subhasish
INFO:root:Rout
INFO:root:9556332113
INFO:root:saisubhasishrout777@gmail.com
INFO:root:98
INFO:root:99
INFO:root:----------------------------------------------------------------------------
INFO:root:Class Name : StudentDetails
INFO:root:Pragati Parida
INFO:root:1997
INFO:root:7978555555
INFO:root:25
INFO:root:7504750522
INFO:root:----------------------------------------------------------------------------
INFO:root:Class Name : Data
INFO:root:Class Name : DataScience
INFO:root:Data
INFO:root:Master
INFO:root:Class
INFO:root:Science
INFO:root:Data Science Master Class by iNeuron
INFO:root:----------------------------------------------------------------------------
INFO:root:Module : Collection of classes is called as a module (eg- This file)
INFO:root:Package : Collection of modules is called as a package
INFO:root:----------------------------------------------------------------------------
